# Logfile created on 2014-03-10 06:06:00 +0000 by logger.rb/44203
I, [2014-03-10T06:06:00.851975 #7670]  INFO -- : 0:  RedCloth (4.2.9) from /Users/Rosie/.rvm/gems/ruby-2.1.0/specifications/RedCloth-4.2.9.gemspec
I, [2014-03-10T06:06:00.853115 #7670]  INFO -- : 0:  blankslate (2.1.2.4) from /Users/Rosie/.rvm/gems/ruby-2.1.0@global/specifications/blankslate-2.1.2.4.gemspec
I, [2014-03-10T06:06:00.854003 #7670]  INFO -- : 0:  fast-stemmer (1.0.2) from /Users/Rosie/.rvm/gems/ruby-2.1.0@global/specifications/fast-stemmer-1.0.2.gemspec
I, [2014-03-10T06:06:00.854770 #7670]  INFO -- : 0:  classifier (1.3.4) from /Users/Rosie/.rvm/gems/ruby-2.1.0@global/specifications/classifier-1.3.4.gemspec
I, [2014-03-10T06:06:00.855452 #7670]  INFO -- : 0:  colorator (0.1) from /Users/Rosie/.rvm/gems/ruby-2.1.0@global/specifications/colorator-0.1.gemspec
I, [2014-03-10T06:06:00.856206 #7670]  INFO -- : 0:  highline (1.6.20) from /Users/Rosie/.rvm/gems/ruby-2.1.0@global/specifications/highline-1.6.20.gemspec
I, [2014-03-10T06:06:00.857027 #7670]  INFO -- : 0:  commander (4.1.6) from /Users/Rosie/.rvm/gems/ruby-2.1.0@global/specifications/commander-4.1.6.gemspec
I, [2014-03-10T06:06:00.857704 #7670]  INFO -- : 0:  ffi (1.9.3) from /Users/Rosie/.rvm/gems/ruby-2.1.0@global/specifications/ffi-1.9.3.gemspec
I, [2014-03-10T06:06:05.408558 #7670]  INFO -- : 0:  flickraw (0.9.7) from /Users/Rosie/.rvm/gems/ruby-2.1.0/specifications/flickraw-0.9.7.gemspec
I, [2014-03-10T06:06:05.409679 #7670]  INFO -- : 0:  liquid (2.5.5) from /Users/Rosie/.rvm/gems/ruby-2.1.0@global/specifications/liquid-2.5.5.gemspec
I, [2014-03-10T06:06:05.410499 #7670]  INFO -- : 0:  rb-fsevent (0.9.4) from /Users/Rosie/.rvm/gems/ruby-2.1.0@global/specifications/rb-fsevent-0.9.4.gemspec
I, [2014-03-10T06:06:05.411226 #7670]  INFO -- : 0:  rb-inotify (0.9.3) from /Users/Rosie/.rvm/gems/ruby-2.1.0@global/specifications/rb-inotify-0.9.3.gemspec
I, [2014-03-10T06:06:05.411885 #7670]  INFO -- : 0:  rb-kqueue (0.2.0) from /Users/Rosie/.rvm/gems/ruby-2.1.0@global/specifications/rb-kqueue-0.2.0.gemspec
I, [2014-03-10T06:06:05.412884 #7670]  INFO -- : 0:  listen (1.3.1) from /Users/Rosie/.rvm/gems/ruby-2.1.0@global/specifications/listen-1.3.1.gemspec
I, [2014-03-10T06:06:13.390573 #7670]  INFO -- : 0:  maruku (0.7.0) from /Users/Rosie/.rvm/gems/ruby-2.1.0/specifications/maruku-0.7.0.gemspec
I, [2014-03-10T06:06:13.391610 #7670]  INFO -- : 0:  posix-spawn (0.3.8) from /Users/Rosie/.rvm/gems/ruby-2.1.0@global/specifications/posix-spawn-0.3.8.gemspec
I, [2014-03-10T06:06:13.392425 #7670]  INFO -- : 0:  yajl-ruby (1.1.0) from /Users/Rosie/.rvm/gems/ruby-2.1.0@global/specifications/yajl-ruby-1.1.0.gemspec
I, [2014-03-10T06:06:13.393229 #7670]  INFO -- : 0:  pygments.rb (0.5.4) from /Users/Rosie/.rvm/gems/ruby-2.1.0@global/specifications/pygments.rb-0.5.4.gemspec
I, [2014-03-10T06:06:13.393999 #7670]  INFO -- : 0:  redcarpet (2.3.0) from /Users/Rosie/.rvm/gems/ruby-2.1.0@global/specifications/redcarpet-2.3.0.gemspec
I, [2014-03-10T06:06:13.394747 #7670]  INFO -- : 0:  safe_yaml (0.9.7) from /Users/Rosie/.rvm/gems/ruby-2.1.0@global/specifications/safe_yaml-0.9.7.gemspec
I, [2014-03-10T06:06:13.395693 #7670]  INFO -- : 0:  parslet (1.5.0) from /Users/Rosie/.rvm/gems/ruby-2.1.0@global/specifications/parslet-1.5.0.gemspec
I, [2014-03-10T06:06:17.880435 #7670]  INFO -- : 0:  toml (0.1.1) from /Users/Rosie/.rvm/gems/ruby-2.1.0/specifications/toml-0.1.1.gemspec
I, [2014-03-10T06:06:17.881714 #7670]  INFO -- : 0:  jekyll (1.4.3) from /Users/Rosie/.rvm/gems/ruby-2.1.0@global/specifications/jekyll-1.4.3.gemspec
I, [2014-03-10T06:06:28.439328 #7670]  INFO -- : 0:  kramdown (1.3.1) from /Users/Rosie/.rvm/gems/ruby-2.1.0/specifications/kramdown-1.3.1.gemspec
I, [2014-03-10T06:06:36.006549 #7670]  INFO -- : 0:  rdiscount (2.1.7) from /Users/Rosie/.rvm/gems/ruby-2.1.0/specifications/rdiscount-2.1.7.gemspec
I, [2014-03-10T06:06:42.396325 #7670]  INFO -- : 0:  github-pages (15) from /Users/Rosie/.rvm/gems/ruby-2.1.0/specifications/github-pages-15.gemspec
I, [2014-03-10T06:06:53.471915 #7670]  INFO -- : 0:  ruby-oembed (0.8.8) from /Users/Rosie/.rvm/gems/ruby-2.1.0/specifications/ruby-oembed-0.8.8.gemspec
I, [2014-03-10T06:06:59.100378 #7670]  INFO -- : 0:  jekyll-oembed (0.0.1) from /Users/Rosie/.rvm/gems/ruby-2.1.0/specifications/jekyll-oembed-0.0.1.gemspec
I, [2014-03-10T06:07:05.590391 #7670]  INFO -- : 0:  titleize (1.3.0) from /Users/Rosie/.rvm/gems/ruby-2.1.0/specifications/titleize-1.3.0.gemspec
I, [2014-03-10T06:07:05.592400 #7670]  INFO -- : 0:  bundler (1.5.1) from /Users/Rosie/.rvm/gems/ruby-2.1.0@global/specifications/bundler-1.5.1.gemspec
